Arguments: 
  C:\Program Files\nodejs\node.exe C:\Program Files (x86)\Yarn\bin\yarn.js dev-server-hot

PATH: 
  Z:\bin;C:\Program Files\Git\mingw64\bin;C:\Program Files\Git\usr\local\bin;C:\Program Files\Git\usr\bin;C:\Program Files\Git\usr\bin;C:\Program Files\Git\mingw64\bin;C:\Program Files\Git\usr\bin;Z:\bin;C:\wamp64\bin\php\php7.2.3;C:\windows\System32\Wbem;C:\ProgramData\Oracle\Java\javapath;C:\ProgramData\ComposerSetup\bin;C:\ProgramData\chocolatey\bin;C:\windows\System32\WindowsPowerShell\v1.0;C:\Program Files (x86)\Skype\Phone;C:\Program Files\TortoiseSVN\bin;C:\Program Files\Java\jdk1.8.0_144\bin;C:\Users\bvxg8510\AppData\Roaming\nvm;C:\Program Files\nodejs;C:\Program Files\MySQL\MySQL Utilities 1.6;C:\windows\System32\WindowsPowerShell\v1.0;C:\Program Files\Java\jdk1.8.0_152\bin;C:\Program Files\Git\cmd;C:\Program Files (x86)\GitExtensions;C:\Program Files\nodejs;C:\Program Files (x86)\Yarn\bin;C:\Program Files\Intel\WiFi\bin;C:\Program Files\Common Files\Intel\WirelessCommon;C:\Users\bvxg8510\AppData\Roaming\Composer;C:\Users\bvxg8510\AppData\Roaming\nvm;C:\Program Files\nodejs;C:\Users\bvxg8510\AppData\Local\.meteor;C:\Users\bvxg8510\AppData\Roaming\Composer\vendor\bin;C:\Users\bvxg8510\AppData\Local\atom\bin;C:\Program Files\kdiff3;C:\Users\bvxg8510\AppData\Roaming\npm;C:\Users\bvxg8510\AppData\Local\Yarn\bin;C:\Program Files\Git\usr\bin\vendor_perl;C:\Program Files\Git\usr\bin\core_perl

Yarn version: 
  1.5.1

Node version: 
  9.9.0

Platform: 
  win32 x64

npm manifest: 
  No manifest

yarn manifest: 
  No manifest

Lockfile: 
  No lockfile

Trace: 
  Error: Couldn't find a package.json file in "C:\\workspace-web\\webapp-photo"
      at new MessageError (C:\Program Files (x86)\Yarn\lib\cli.js:186:110)
      at C:\Program Files (x86)\Yarn\lib\cli.js:40048:15
      at Generator.next (<anonymous>)
      at step (C:\Program Files (x86)\Yarn\lib\cli.js:98:30)
      at C:\Program Files (x86)\Yarn\lib\cli.js:109:13
      at <anonymous>
